<?xml version="1.0" encoding="UTF-8"?>
<!-- Generated by org.testng.reporters.JUnitXMLReporter -->
<testsuite ignored="3" hostname="DESKTOP-NPNKC5I" failures="0" tests="3" name="Create Lead Test" time="5.885" errors="0" timestamp="2025-10-15T11:31:14 IST">
  <testcase classname="testcases.Session" name="doLogin" time="1.539"/>
  <testcase classname="testcases.LeadManagement" name="createLead" time="3.68"/>
  <testcase classname="testcases.LeadManagement" name="verifyLead" time="0.001"/>
  <testcase classname="testbase.BaseTest" name="@BeforeTest beforeTest" time="0.0">
    <ignored/>
  </testcase> <!-- @BeforeTest beforeTest -->
  <testcase classname="testcases.LeadManagement" name="daleteLead" time="0.0">
    <ignored/>
  </testcase> <!-- daleteLead -->
  <testcase classname="testbase.BaseTest" name="@AfterTest quit" time="0.0">
    <ignored/>
  </testcase> <!-- @AfterTest quit -->
</testsuite> <!-- Create Lead Test -->
