<?xml version="1.0" encoding="UTF-8"?>
<!-- Generated by org.testng.reporters.JUnitXMLReporter -->
<testsuite ignored="2" hostname="DESKTOP-NPNKC5I" failures="0" tests="2" name="Create Lead Test 1" time="6.112" errors="0" timestamp="2025-10-15T11:31:20 IST">
  <testcase classname="testcases.Session" name="doLogin" time="0.646"/>
  <testcase classname="testcases.CreateLead" name="createLead" time="5.401"/>
  <testcase classname="testbase.BaseTest" name="@AfterTest quit" time="0.0">
    <ignored/>
  </testcase> <!-- @AfterTest quit -->
  <testcase classname="testbase.BaseTest" name="@BeforeTest beforeTest" time="0.0">
    <ignored/>
  </testcase> <!-- @BeforeTest beforeTest -->
</testsuite> <!-- Create Lead Test 1 -->
