<?xml version="1.0" encoding="UTF-8"?>
<testng-results ignored="0" total="4" passed="4" failed="0" skipped="0">
  <reporter-output>
  </reporter-output>
  <suite started-at="2025-10-17T12:02:40 IST" name="Suite" finished-at="2025-10-17T12:02:40 IST" duration-ms="76">
    <groups>
    </groups>
    <test started-at="2025-10-17T12:02:40 IST" name="Test" finished-at="2025-10-17T12:02:40 IST" duration-ms="76">
      <class name="testcases.LoginCheck">
        <test-method signature="login(java.lang.String,java.lang.String)[pri:0, instance:testcases.LoginCheck@36fc695d]" started-at="2025-10-17T12:02:40 IST" name="login" data-provider="getData" finished-at="2025-10-17T12:02:40 IST" duration-ms="13" status="PASS">
          <params>
            <param index="0">
              <value>
                <![CDATA[U1]]>
              </value>
            </param>
            <param index="1">
              <value>
                <![CDATA[p1]]>
              </value>
            </param>
          </params>
          <reporter-output>
          </reporter-output>
        </test-method> <!-- login -->
        <test-method signature="login(java.lang.String,java.lang.String)[pri:0, instance:testcases.LoginCheck@36fc695d]" started-at="2025-10-17T12:02:40 IST" name="login" data-provider="getData" finished-at="2025-10-17T12:02:40 IST" duration-ms="2" status="PASS">
          <params>
            <param index="0">
              <value>
                <![CDATA[U2]]>
              </value>
            </param>
            <param index="1">
              <value>
                <![CDATA[p2]]>
              </value>
            </param>
          </params>
          <reporter-output>
          </reporter-output>
        </test-method> <!-- login -->
        <test-method signature="login(java.lang.String,java.lang.String)[pri:0, instance:testcases.LoginCheck@36fc695d]" started-at="2025-10-17T12:02:40 IST" name="login" data-provider="getData" finished-at="2025-10-17T12:02:40 IST" duration-ms="3" status="PASS">
          <params>
            <param index="0">
              <value>
                <![CDATA[U3]]>
              </value>
            </param>
            <param index="1">
              <value>
                <![CDATA[p3]]>
              </value>
            </param>
          </params>
          <reporter-output>
          </reporter-output>
        </test-method> <!-- login -->
        <test-method signature="verifyLogin()[pri:0, instance:testcases.LoginCheck@36fc695d]" started-at="2025-10-17T12:02:40 IST" name="verifyLogin" finished-at="2025-10-17T12:02:40 IST" duration-ms="2" status="PASS">
          <reporter-output>
          </reporter-output>
        </test-method> <!-- verifyLogin -->
      </class> <!-- testcases.LoginCheck -->
    </test> <!-- Test -->
  </suite> <!-- Suite -->
</testng-results>
