<?xml version="1.0" encoding="UTF-8"?>
<!-- Generated by org.testng.reporters.JUnitXMLReporter -->
<testsuite ignored="0" hostname="DESKTOP-NPNKC5I" failures="0" tests="4" name="Default test" time="0.09" errors="0" timestamp="2025-10-17T12:01:49 IST">
  <testcase classname="testcases.LoginCheck" name="login" time="0.014"/>
  <testcase classname="testcases.LoginCheck" name="login" time="0.003"/>
  <testcase classname="testcases.LoginCheck" name="login" time="0.002"/>
  <testcase classname="testcases.LoginCheck" name="verifyLogin" time="0.003"/>
</testsuite> <!-- Default test -->
