<?xml version="1.0" encoding="UTF-8"?>
<!-- Generated by org.testng.reporters.JUnitReportReporter -->
<testsuite hostname="DESKTOP-NPNKC5I" failures="0" tests="4" name="testcases.LoginCheck" time="0.020" errors="0" timestamp="2025-10-17T12:02:41 IST" skipped="0">
  <testcase classname="testcases.LoginCheck" name="login" time="0.002"/>
  <testcase classname="testcases.LoginCheck" name="login" time="0.013"/>
  <testcase classname="testcases.LoginCheck" name="verifyLogin" time="0.002"/>
  <testcase classname="testcases.LoginCheck" name="login" time="0.003"/>
</testsuite> <!-- testcases.LoginCheck -->
